links = document.querySelectorAll('a');

res = [];
resStr = '';

links.forEach(link => {
	// console.log(link.innerText.toLowerCase().indexOf('скачать'));
	if (link.innerText.toLowerCase().indexOf('скачать') >= 0) {
		res.push(link.getAttribute('href'));
		resStr += link.getAttribute('href') + '\n';
	}
});

// console.log(res);
console.log(resStr)
VM17423:15 https://files.dg-home.ru/process/3d-download.php?time=1607052786&code=mebel&article=050187&h3d=f62db4d2b60f46bdbb1a315589fb4af5&h=538bd46d5329fcb14b9f68c865e4f080
https://files.dg-home.ru/process/3d-download.php?time=1607052810&code=mebel&article=050039&h3d=6b9e562cf20948e0b28380b4b7abfb2d&h=6ec29205ba9cf21790dcc61f52a045f8
https://files.dg-home.ru/process/3d-download.php?time=1607052802&code=mebel&article=050124&h3d=f5de44774f5748efaf35936305580acd&h=de9c57d7fde221a242f5ccd8817de6b8
https://files.dg-home.ru/process/3d-download.php?time=1607052842&code=mebel&article=049983&h3d=6088099d60cc453fa109fdff2ede5cd0&h=22515ffb9b5d9bed189d1d0d4538da17
https://files.dg-home.ru/process/3d-download.php?time=1607052834&code=mebel&article=050152&h3d=1943a67e2f924686b95eedb867d35ea2&h=7fdc74bfdefd83a80d6fc728832fec35
https://files.dg-home.ru/process/3d-download.php?time=1607052819&code=mebel&article=050037&h3d=cd00e926ed4d49c1b0469b2be588bd4e&h=99b81b6e2a8d1ab60291d0bd03149cf6
https://files.dg-home.ru/process/3d-download.php?time=1607052857&code=mebel&article=094016&h3d=966db27736d14bf8ae2764a1f00049da&h=b2d5ef42dc88081d4572abd954167d43
https://files.dg-home.ru/process/3d-download.php?time=1607052873&code=mebel&article=051368&h3d=3f34c7e6ac8a440d93ac276bf7fac79e&h=1a8c8a9e2484e50fbe0bc891b5ac1978
https://files.dg-home.ru/process/3d-download.php?time=1607052865&code=mebel&article=051364&h3d=b4d3e00d78e4475fa4b97caa3a821dc5&h=4d8a3e651968cdcb4c811885cb19f421
https://files.dg-home.ru/process/3d-download.php?time=1607052881&code=mebel&article=051434&h3d=6e1beaf445844df5ade1ea68e7a5c3a0&h=bbfcfab877d464f222452e77044226fe
https://files.dg-home.ru/process/3d-download.php?time=1607052891&code=mebel&article=050448&h3d=90be8cb38eba4953ab32464af0bc6f12&h=88c9e75ff01c113b3115f82fae32be36
https://files.dg-home.ru/process/3d-download.php?time=1607052899&code=mebel&article=051448&h3d=cf21a09e36024f1e88edd773972608e9&h=9cb1c9d9f8187c284b46889e2f435d98
https://files.dg-home.ru/process/3d-download.php?time=1607052907&code=mebel&article=050409&h3d=079ef4a965454dbf925c7218d37cc0cc&h=0dafd370185c78848b68313141023864
https://files.dg-home.ru/process/3d-download.php?time=1607052931&code=mebel&article=050450&h3d=f2982c61434d439db87b21db8359ca80&h=9cab07f3f8df495ecbf8afcf21b4e861
https://files.dg-home.ru/process/3d-download.php?time=1607052946&code=mebel&article=051384&h3d=b7437060a1e04a248649caeb36eca4a5&h=772d9ddc00f86bd21a4852156a9d91d6
https://files.dg-home.ru/process/3d-download.php?time=1607052954&code=mebel&article=116600&h3d=13251b67a3044da79486b11901f4dbff&h=5783a52297a68a4862cd0482ee0ef0be
https://files.dg-home.ru/process/3d-download.php?time=1607052962&code=mebel&article=050201&h3d=548776c470ea48cabf7a8937eedd74a4&h=bb464cd31720d8cf7f9efe0786d552a6
https://files.dg-home.ru/process/3d-download.php?time=1607069937&code=mebel&article=DG-008599&h3d=5f4cf9b799fe4989bfe547374a35afe3&h=64f950e7299ad51acc976cab6a809b61
https://files.dg-home.ru/process/3d-download.php?time=1607069942&code=mebel&article=DG-006955&h3d=6d933002e8f54a5aafa7cf04f535a904&h=b7e4590091fc1679d1182a820d6f4834
https://files.dg-home.ru/process/3d-download.php?time=1607069963&code=mebel&article=DG-017171&h3d=9b8b9ecff35a48bfb99a9d7c60381986&h=6bb410c38b2e51dee06400bb32e7a656
https://files.dg-home.ru/process/3d-download.php?time=1607070042&code=mebel&article=DG-007031&h3d=f05c6438d98c40a0ba1e74702ecd506c&h=4beb92191d6e55d9deba5a03f87468fd
https://files.dg-home.ru/process/3d-download.php?time=1607070036&code=mebel&article=DG-095425&h3d=356f46ba4ae7457ab1b5d707ddc5465a&h=13d651a35965bda437a58f96101a3560
https://files.dg-home.ru/process/3d-download.php?time=1607070059&code=mebel&article=DG-030639&h3d=5f4e031adc7e4dd5adb925907cc3004f&h=fa4e12d527f6db7cd92758818065ea92
https://files.dg-home.ru/process/3d-download.php?time=1607070087&code=mebel&article=DG-008598&h3d=5cffe68eabae4ec788ec3ead6857035e&h=a2c8fc984f7ca03f5a0a75b068fc31c5
https://files.dg-home.ru/process/3d-download.php?time=1607070081&code=mebel&article=DG-092597&h3d=0c4aeef368b640b8bfe39a1c318e6b48&h=0b546c83a314900f541c2ff8bcd9ad31
https://files.dg-home.ru/process/3d-download.php?time=1607070115&code=mebel&article=100110&h3d=a45dcec7dc154e03bb4cf45ff9d4586d&h=96c21a775796fd3e85753813fe3ab415
https://files.dg-home.ru/process/3d-download.php?time=1607070104&code=mebel&article=00-3861522+&h3d=884cb943383242049bfaebe615f4ebc2&h=f35fc67ca4443ed9a0a06ad68fd00d46
https://files.dg-home.ru/process/3d-download.php?time=1607070136&code=mebel&article=DG-178277&h3d=de9396b66248403083c3165687f9dcca&h=2ddd388049df9f4f7b115eacd0d37ab3
https://files.dg-home.ru/process/3d-download.php?time=1607070164&code=mebel&article=DG-092600&h3d=97092415069a42089f82a0b4683edeef&h=9dc1e9885d3f8c386eb2a3c06b006b28
https://files.dg-home.ru/process/3d-download.php?time=1607070147&code=mebel&article=DG-125022&h3d=0733ec8fe1044e28a302330133254ed5&h=c742e3ee587b618f13c72d7562d682fb
https://files.dg-home.ru/process/3d-download.php?time=1607070170&code=mebel&article=DG-008209&h3d=ee914b2d5dc94b499ba2f7f6ecd4bc65&h=026d2aa26e4e4da3fb81876a40af40ab
https://files.dg-home.ru/process/3d-download.php?time=1607070176&code=mebel&article=DG-007009&h3d=dae4110ac2e44a2b92a6f9ddc2e5bb37&h=f38af2a6d7dad905be2594b0d9b03800
https://files.dg-home.ru/process/3d-download.php?time=1607070182&code=mebel&article=210513&h3d=3f0725e331fe434191f1d2538f6279ff&h=b5d8fd6c4a187f90db8c23e44f2ae17f
https://files.dg-home.ru/process/3d-download.php?time=1607070219&code=mebel&article=210544&h3d=30cf3a391eb84446b97a68d4f7641f72&h=a43e9bb2828b1f4ecd566377fc0a808d
https://files.dg-home.ru/process/3d-download.php?time=1607070207&code=mebel&article=210548&h3d=003cab249db6496b939e52615a12846a&h=673f7bf22c63e9b2151381852571ef34
https://files.dg-home.ru/process/3d-download.php?time=1607070239&code=mebel&article=210528&h3d=aad7003a44954483a298ef4b4123759b&h=cb36b25a851527445a2fb9d11b902811
https://files.dg-home.ru/process/3d-download.php?time=1607070226&code=mebel&article=210530&h3d=97eeb302a4fd4b5b954588d21f8cc03c&h=4a3e2d4c575029bc6679577eff8414c0
https://files.dg-home.ru/process/3d-download.php?time=1607070245&code=mebel&article=210512&h3d=35339ccf4dc0475ca90feff0c325caa1&h=48447fc9f6518febdb7f84b9af0175da
https://files.dg-home.ru/process/3d-download.php?time=1607070251&code=mebel&article=094629&h3d=570b61fc75a043beb8398adb0edd0cd5&h=28399c15356fe10cf2e0a706e06ec191
https://files.dg-home.ru/process/3d-download.php?time=1607070272&code=mebel&article=192017&h3d=9f5698c155f94c079f1e86a09b8067b4&h=bdbcfac692fd175e2ab8a3adf6168430
https://files.dg-home.ru/process/3d-download.php?time=1607070284&code=mebel&article=192383&h3d=5934176cc3f64aba8f449a70d4f07435&h=36743e28d11d571e2f14c0009e3462e1
https://files.dg-home.ru/process/3d-download.php?time=1607070290&code=mebel&article=192372&h3d=c635cb1f2e7c43ce82f797a8e7a3ea2d&h=957ea64483c95efb27079add5fc2933f
https://files.dg-home.ru/process/3d-download.php?time=1607070303&code=mebel&article=192153&h3d=cdd98ffcd4104e65822063c24965b6ae&h=2afa47cdd983e72d4d0fec875e9d1cdf
https://files.dg-home.ru/process/3d-download.php?time=1607070322&code=mebel&article=192389&h3d=70dcb8d311c849b2b48f5eb20880891e&h=d1d3d664b2381522211b7c726069d07d
https://files.dg-home.ru/process/3d-download.php?time=1607070315&code=mebel&article=192452&h3d=69d93090de284d84b3011fb3fadbbf38&h=7c37722ec4ca9ae038ff811ce70aa921
https://files.dg-home.ru/process/3d-download.php?time=1607070355&code=mebel&article=094613&h3d=adf2d6e87bb04b959a170d2145af048b&h=d158b03b7dd6a1682305eb1007e9f60b
https://files.dg-home.ru/process/3d-download.php?time=1607070402&code=mebel&article=191893&h3d=fe6590816b9b428b9ffbdb56008fe50c&h=5432bcc5ca6458812e11ba28b53871d7
https://files.dg-home.ru/process/3d-download.php?time=1607070416&code=mebel&article=192151&h3d=d941aa5655c34eccaa67a4a7440e9b23&h=13684f342a56daae178e2d1f430e4ce4
https://files.dg-home.ru/process/3d-download.php?time=1607070381&code=mebel&article=210519&h3d=7af1902bef4745b7b3d9e72ac68a7a0a&h=a4a73cc7fa6e41f5c5f0ac2ee993f78a
https://files.dg-home.ru/process/3d-download.php?time=1607070478&code=mebel&article=192486&h3d=0a851b9769a74de0af7d0224ebd942ea&h=b304e87adae8dbd5931a05ccb50c8703
https://files.dg-home.ru/process/3d-download.php?time=1607070443&code=mebel&article=192109&h3d=2ff516776e6148c9a6e02017c312e66e&h=9405c36e0cdc6d3db2dacad0e9199f4a
https://files.dg-home.ru/process/3d-download.php?time=1607070499&code=mebel&article=192414&h3d=658a8aa922c04de888b7acd5596de2a6&h=8a17ae0420c1b5e2d5e8b3a9443acb88
https://files.dg-home.ru/process/3d-download.php?time=1607070519&code=mebel&article=192484&h3d=9098f06f6e9c4252be04d353bee0db52&h=ac78fb3d0961a6181ea81d0534b5729f
https://files.dg-home.ru/process/3d-download.php?time=1607070548&code=mebel&article=192152&h3d=ea6da23bb2ea4d4aa0bbf455652ab012&h=e8c56f1c43822e28203f612c3fc6328f
https://files.dg-home.ru/process/3d-download.php?time=1607070555&code=mebel&article=192365&h3d=f04dc6babb3f4aa0ba6a68dc6461748d&h=ea3eaddf07f8823e71bc7ee83b0022d8
https://files.dg-home.ru/process/3d-download.php?time=1607070561&code=mebel&article=192359&h3d=7cc6965cd7ee48c3a2dcd98232551e8c&h=1f281572bef9d492ef36f686348bec25
https://files.dg-home.ru/process/3d-download.php?time=1607070581&code=mebel&article=192015&h3d=291dd72f131d4a9481da2a4d36ac0815&h=91d65e1de6b522d998085a108ce21906
https://files.dg-home.ru/process/3d-download.php?time=1607070568&code=mebel&article=192361&h3d=7d56d285af054ccda88256813449fbcf&h=21a7a466192004c34b15c6c94cd7731c
https://files.dg-home.ru/process/3d-download.php?time=1607070602&code=mebel&article=192023&h3d=85ea179178bc4d55a39d0e0b4e2a979c&h=9ad6aeac14446f500c5ccd043e605126
https://files.dg-home.ru/process/3d-download.php?time=1607070588&code=mebel&article=192371&h3d=b5fcfa1515eb44f8bdba9acac30295ed&h=5afec55bda61bd0548265d147e880252
https://files.dg-home.ru/process/3d-download.php?time=1607070652&code=mebel&article=192243&h3d=0b916f7bb3dd47eebf86815e8d3ed7e8&h=97ed2886af9ef896cd2eb8aa1798d2e9
https://files.dg-home.ru/process/3d-download.php?time=1607070666&code=mebel&article=192469&h3d=b9417b403db946c5b88e3f7d271cd87d&h=f01e54a80016c072d895993c33cde803
https://files.dg-home.ru/process/3d-download.php?time=1607070703&code=mebel&article=192440&h3d=c0e3304536b94063bdf11d02b766ac55&h=6aa036ec077039156fca4fe218276f19
https://files.dg-home.ru/process/3d-download.php?time=1607070741&code=mebel&article=192488&h3d=847297337b6e4b46bb0ee62a8d453b87&h=f7dfd1314fc0e999cfd03335f6fdb160
https://files.dg-home.ru/process/3d-download.php?time=1607070791&code=mebel&article=192110&h3d=7e019b5c70c24719b7a79036b70eac06&h=297015ac167dd490f3f0b95ccc8fb923
https://files.dg-home.ru/process/3d-download.php?time=1607070938&code=mebel&article=121546&h3d=be93171c07fd4e7ba65a65f459120eb2&h=e20e9c5cb92118bc6b2af0cc8997c780
https://files.dg-home.ru/process/3d-download.php?time=1607070976&code=mebel&article=123497&h3d=480fb63d590547f99f5a3a92bde0676e&h=fb758ddbfd57763c6a1fa5ff25e91ae3
https://files.dg-home.ru/process/3d-download.php?time=1607071054&code=mebel&article=050819&h3d=ed94533663db41f2ba52bb35a2d2bb73&h=16f15f07d4dec3c32433224a48ef9f9c
https://files.dg-home.ru/process/3d-download.php?time=1607071047&code=mebel&article=066648&h3d=bc725b02f77140ebab26be85c608e7d5&h=72e1a6bd56e4f7123f42c7577b17628a
https://files.dg-home.ru/process/3d-download.php?time=1607071062&code=mebel&article=DG-008238&h3d=4cab617c8fba4598891b45469708f970&h=57604f4e345bda5a82c23854b8d4125e
https://files.dg-home.ru/process/3d-download.php?time=1607071138&code=mebel&article=135840&h3d=ae90279bf2a8408da9810276f03182f8&h=5a1675d811dc7646e72bffe7987e485f
https://files.dg-home.ru/process/3d-download.php?time=1607071155&code=mebel&article=050796&h3d=fde8c6ff0ab14343b20e40413df99a29&h=3f525a9a7784394cac35396a471a5a23
https://files.dg-home.ru/process/3d-download.php?time=1607071199&code=mebel&article=050795&h3d=0f06eb7ca66f440e8980a977ebbc7e31&h=37f339f4a2346b2809cf9aa2f4e4c6ba
https://files.dg-home.ru/process/3d-download.php?time=1607071181&code=mebel&article=123500&h3d=9b0bb303f8f149fd8312710ba1fcbc63&h=5c2860d0ac0b4ae6179125b380b770dc
https://files.dg-home.ru/process/3d-download.php?time=1607071234&code=mebel&article=192147&h3d=19c63cc90cad43d6ab87529be809caa5&h=cd4e8a63b930f320425d398c1fa95653

undefined
